2024-04-03 13:05:26.903 [main] INFO  - Chrome browser opened successfully in private window.
2024-04-03 13:05:36.255 [main] INFO  - soch website opened in chrome browser
2024-04-03 13:05:40.441 [main] INFO  - chat window opened
2024-04-03 13:05:41.356 [main] INFO  - Entered all valid data
2024-04-03 13:05:41.509 [main] INFO  - registered successfully
2024-04-03 13:05:41.699 [main] INFO  - window closed
2024-04-03 13:05:43.258 [main] INFO  - Chrome browser opened successfully in private window.
2024-04-03 13:05:52.281 [main] INFO  - window closed
2024-04-03 13:05:53.434 [main] INFO  - Chrome browser opened successfully in private window.
2024-04-03 13:06:05.598 [main] INFO  - window closed
2024-04-03 13:06:06.767 [main] INFO  - Chrome browser opened successfully in private window.
2024-04-03 13:06:12.053 [main] INFO  - soch website opened in chrome browser
2024-04-03 13:06:17.166 [main] INFO  - chat window opened
2024-04-03 13:06:17.989 [main] INFO  - Entered all valid data
2024-04-03 13:06:18.139 [main] INFO  - registered successfully
2024-04-03 13:06:18.315 [main] INFO  - window closed
2024-04-03 13:06:19.464 [main] INFO  - Chrome browser opened successfully in private window.
2024-04-03 13:06:22.437 [main] INFO  - soch website opened in chrome browser
2024-04-03 13:06:29.412 [main] INFO  - chat window opened
2024-04-03 13:06:30.319 [main] INFO  - Entered all valid data
2024-04-03 13:06:30.468 [main] INFO  - registered successfully
2024-04-03 13:06:30.660 [main] INFO  - window closed
2024-04-03 13:06:31.892 [main] INFO  - Chrome browser opened successfully in private window.
2024-04-03 13:06:45.350 [main] INFO  - soch website opened in chrome browser
2024-04-03 13:06:45.620 [main] INFO  - chat window opened
2024-04-03 13:06:46.360 [main] INFO  - Entered all valid data
2024-04-03 13:06:46.496 [main] INFO  - registered successfully
2024-04-03 13:06:46.677 [main] INFO  - window closed
2024-04-03 13:06:47.892 [main] INFO  - Chrome browser opened successfully in private window.
2024-04-03 13:07:00.657 [main] INFO  - soch website opened in chrome browser
2024-04-03 13:07:00.978 [main] INFO  - chat window opened
2024-04-03 13:07:01.733 [main] INFO  - Entered all valid data
2024-04-03 13:07:01.898 [main] INFO  - registered successfully
2024-04-03 13:07:02.058 [main] INFO  - window closed
